TN:
SF:server.js
FN:17,(anonymous_0)
FN:25,(anonymous_1)
FN:31,(anonymous_2)
FN:35,(anonymous_3)
FNF:4
FNH:1
FNDA:0,(anonymous_0)
FNDA:1,(anonymous_1)
FNDA:0,(anonymous_2)
FNDA:0,(anonymous_3)
DA:1,1
DA:2,1
DA:3,1
DA:4,1
DA:6,1
DA:9,1
DA:10,1
DA:13,1
DA:14,1
DA:17,1
DA:18,0
DA:22,1
DA:26,1
DA:29,1
DA:30,0
DA:31,0
DA:32,0
DA:36,0
DA:40,1
LF:19
LH:14
BRDA:29,0,0,0
BRDA:29,0,1,1
BRDA:30,1,0,0
BRDA:30,1,1,0
BRF:4
BRH:1
end_of_record
TN:
SF:models\Task.js
FNF:0
FNH:0
DA:1,1
DA:3,1
DA:20,1
LF:3
LH:3
BRF:0
BRH:0
end_of_record
TN:
SF:routes\tasks.js
FN:7,(anonymous_0)
FN:18,(anonymous_1)
FN:28,(anonymous_2)
FN:54,(anonymous_3)
FNF:4
FNH:4
FNDA:17,(anonymous_0)
FNDA:6,(anonymous_1)
FNDA:5,(anonymous_2)
FNDA:3,(anonymous_3)
DA:1,1
DA:2,1
DA:3,1
DA:4,1
DA:7,1
DA:8,17
DA:9,17
DA:10,17
DA:11,13
DA:13,4
DA:18,1
DA:19,6
DA:20,6
DA:21,5
DA:23,1
DA:28,1
DA:29,5
DA:30,5
DA:32,5
DA:33,1
DA:36,4
DA:37,1
DA:40,3
DA:41,3
DA:43,3
DA:44,1
DA:47,2
DA:49,0
DA:54,1
DA:55,3
DA:57,3
DA:58,1
DA:61,2
DA:62,2
DA:64,2
DA:65,1
DA:68,1
DA:70,0
DA:74,1
LF:39
LH:37
BRDA:32,0,0,1
BRDA:32,0,1,4
BRDA:36,1,0,1
BRDA:36,1,1,3
BRDA:36,2,0,4
BRDA:36,2,1,4
BRDA:43,3,0,1
BRDA:43,3,1,2
BRDA:57,4,0,1
BRDA:57,4,1,2
BRDA:64,5,0,1
BRDA:64,5,1,1
BRF:12
BRH:12
end_of_record
